mode: set
github.com/serikdev/go-tasks/internal/service/presenter.go:21.53,23.2 1 0
github.com/serikdev/go-tasks/internal/service/presenter.go:25.55,27.16 2 0
github.com/serikdev/go-tasks/internal/service/presenter.go:27.16,29.3 1 0
github.com/serikdev/go-tasks/internal/service/presenter.go:30.2,34.29 3 0
github.com/serikdev/go-tasks/internal/service/presenter.go:34.29,36.17 2 0
github.com/serikdev/go-tasks/internal/service/presenter.go:36.17,38.4 1 0
github.com/serikdev/go-tasks/internal/service/presenter.go:40.2,41.12 2 0
github.com/serikdev/go-tasks/internal/service/producer.go:22.52,24.2 1 0
github.com/serikdev/go-tasks/internal/service/producer.go:26.53,28.16 2 0
github.com/serikdev/go-tasks/internal/service/producer.go:28.16,30.3 1 0
github.com/serikdev/go-tasks/internal/service/producer.go:32.2,37.21 4 0
github.com/serikdev/go-tasks/internal/service/producer.go:37.21,39.3 1 0
github.com/serikdev/go-tasks/internal/service/producer.go:40.2,40.38 1 0
github.com/serikdev/go-tasks/internal/service/producer.go:40.38,42.3 1 0
github.com/serikdev/go-tasks/internal/service/producer.go:43.2,43.19 1 0
github.com/serikdev/go-tasks/internal/service/service.go:16.57,21.2 1 1
github.com/serikdev/go-tasks/internal/service/service.go:23.47,29.15 5 1
github.com/serikdev/go-tasks/internal/service/service.go:29.15,30.155 1 1
github.com/serikdev/go-tasks/internal/service/service.go:30.155,34.35 3 1
github.com/serikdev/go-tasks/internal/service/service.go:34.35,36.5 1 1
github.com/serikdev/go-tasks/internal/service/service.go:37.4,38.33 2 1
github.com/serikdev/go-tasks/internal/service/service.go:38.33,40.5 1 1
github.com/serikdev/go-tasks/internal/service/service.go:42.9,45.4 2 0
github.com/serikdev/go-tasks/internal/service/service.go:47.2,47.23 1 1
github.com/serikdev/go-tasks/internal/service/service.go:50.31,52.16 2 1
github.com/serikdev/go-tasks/internal/service/service.go:52.16,54.3 1 0
github.com/serikdev/go-tasks/internal/service/service.go:56.2,56.29 1 1
github.com/serikdev/go-tasks/internal/service/service.go:56.29,58.3 1 1
github.com/serikdev/go-tasks/internal/service/service.go:59.2,59.30 1 1
