mode: set
github.com/serikdev/go-tasks/internal/service/presenter.go:12.53,14.2 1 0
github.com/serikdev/go-tasks/internal/service/presenter.go:16.55,18.16 2 0
github.com/serikdev/go-tasks/internal/service/presenter.go:18.16,20.3 1 0
github.com/serikdev/go-tasks/internal/service/presenter.go:21.2,25.29 3 0
github.com/serikdev/go-tasks/internal/service/presenter.go:25.29,27.17 2 0
github.com/serikdev/go-tasks/internal/service/presenter.go:27.17,29.4 1 0
github.com/serikdev/go-tasks/internal/service/presenter.go:31.2,32.12 2 0
github.com/serikdev/go-tasks/internal/service/producer.go:12.52,14.2 1 0
github.com/serikdev/go-tasks/internal/service/producer.go:16.53,18.16 2 0
github.com/serikdev/go-tasks/internal/service/producer.go:18.16,20.3 1 0
github.com/serikdev/go-tasks/internal/service/producer.go:22.2,27.21 4 0
github.com/serikdev/go-tasks/internal/service/producer.go:27.21,29.3 1 0
github.com/serikdev/go-tasks/internal/service/producer.go:30.2,30.38 1 0
github.com/serikdev/go-tasks/internal/service/producer.go:30.38,32.3 1 0
github.com/serikdev/go-tasks/internal/service/producer.go:33.2,33.19 1 0
github.com/serikdev/go-tasks/internal/service/service.go:16.57,21.2 1 1
github.com/serikdev/go-tasks/internal/service/service.go:23.47,29.15 5 1
github.com/serikdev/go-tasks/internal/service/service.go:29.15,30.155 1 1
github.com/serikdev/go-tasks/internal/service/service.go:30.155,34.35 3 1
github.com/serikdev/go-tasks/internal/service/service.go:34.35,36.5 1 1
github.com/serikdev/go-tasks/internal/service/service.go:37.4,38.33 2 1
github.com/serikdev/go-tasks/internal/service/service.go:38.33,40.5 1 1
github.com/serikdev/go-tasks/internal/service/service.go:42.9,45.4 2 0
github.com/serikdev/go-tasks/internal/service/service.go:47.2,47.23 1 1
github.com/serikdev/go-tasks/internal/service/service.go:50.31,52.16 2 1
github.com/serikdev/go-tasks/internal/service/service.go:52.16,54.3 1 0
github.com/serikdev/go-tasks/internal/service/service.go:56.2,56.29 1 1
github.com/serikdev/go-tasks/internal/service/service.go:56.29,58.3 1 1
github.com/serikdev/go-tasks/internal/service/service.go:59.2,59.30 1 1
